<html>
<head>
<title>TestNG:  Surefire test</title>
<link href="../testng.css" rel="stylesheet" type="text/css" />
<link href="../my-testng.css" rel="stylesheet" type="text/css" />

<style type="text/css">
.log { display: none;} 
.stack-trace { display: none;} 
</style>
<script type="text/javascript">
<!--
function flip(e) {
  current = e.style.display;
  if (current == 'block') {
    e.style.display = 'none';
    return 0;
  }
  else {
    e.style.display = 'block';
    return 1;
  }
}

function toggleBox(szDivId, elem, msg1, msg2)
{
  var res = -1;  if (document.getElementById) {
    res = flip(document.getElementById(szDivId));
  }
  else if (document.all) {
    // this is the way old msie versions work
    res = flip(document.all[szDivId]);
  }
  if(elem) {
    if(res == 0) elem.innerHTML = msg1; else elem.innerHTML = msg2;
  }

}

function toggleAllBoxes() {
  if (document.getElementsByTagName) {
    d = document.getElementsByTagName('div');
    for (i = 0; i < d.length; i++) {
      if (d[i].className == 'log') {
        flip(d[i]);
      }
    }
  }
}

// -->
</script>

</head>
<body>
<h2 align='center'>Surefire test</h2><table border='1' align="center">
<tr>
<td>Tests passed/Failed/Skipped:</td><td>0/0/0</td>
</tr><tr>
<td>Started on:</td><td>Thu Sep 25 23:32:10 IST 2025</td>
</tr>
<tr><td>Total time:</td><td>0 seconds (110 ms)</td>
</tr><tr>
<td>Included groups:</td><td></td>
</tr><tr>
<td>Excluded groups:</td><td></td>
</tr>
</table><p/>
<small><i>(Hover the method name to see the test class name)</i></small><p/>
<table width='100%' border='1' class='invocation-failed'>
<tr><td colspan='4' align='center'><b>FAILED CONFIGURATIONS</b></td></tr>
<tr><td><b>Test method</b></td>
<td><b>Attribute(s)</b></td>
<td width="30%"><b>Exception</b></td>
<td width="10%"><b>Time (seconds)</b></td>
<td><b>Instance</b></td>
</tr>
<tr>
<td title='cucmberOptions.TestNGTestRunner.setUpClass()'><b>setUpClass</b><br>Test class: cucmberOptions.TestNGTestRunner<br>Parameters: org.testng.TestRunner@77eca502</td>
<td><div><pre>io.cucumber.core.exception.CucumberException: Failed to parse &apos;cucumber.filter.tags&apos; with value &apos;productPage -Dbrowser=Chrome&apos;
	at io.cucumber.core.options.CucumberPropertiesParser.parseAll(CucumberPropertiesParser.java:167)
	at io.cucumber.core.options.CucumberPropertiesParser.parse(CucumberPropertiesParser.java:152)
	at io.cucumber.core.options.CucumberPropertiesParser.parse(CucumberPropertiesParser.java:81)
	at io.cucumber.core.options.CucumberPropertiesParser.parse(CucumberPropertiesParser.java:42)
	at io.cucumber.testng.TestNGCucumberRunner.&lt;init&gt;(TestNGCucumberRunner.java:97)
	at io.cucumber.testng.AbstractTestNGCucumberTests.setUpClass(AbstractTestNGCucumberTests.java:27)
	at java.base/java.util.ArrayList.forEach(ArrayList.java:1596)
Caused by: io.cucumber.tagexpressions.TagExpressionException: Tag expression &quot;productPage -Dbrowser=Chrome&quot; could not be parsed because of syntax error: Expected operator.
	at io.cucumber.tagexpressions.TagExpressionParser.check(TagExpressionParser.java:127)
	at io.cucumber.tagexpressions.TagExpressionParser.parse(TagExpressionParser.java:76)
	at io.cucumber.tagexpressions.TagExpressionParser.parse(TagExpressionParser.java:29)
	at java.base/java.util.function.Function.lambda$andThen$1(Function.java:88)
	at io.cucumber.core.options.CucumberPropertiesParser.parseAll(CucumberPropertiesParser.java:164)
	... 34 more
... Removed 28 stack frames</pre></div><a href='#' onClick='toggleBox("stack-trace989892772", this, "Click to show all stack frames", "Click to hide stack frames")'>Click to show all stack frames</a>
<div class='stack-trace' id='stack-trace989892772'><pre>io.cucumber.core.exception.CucumberException: Failed to parse &apos;cucumber.filter.tags&apos; with value &apos;productPage -Dbrowser=Chrome&apos;
	at io.cucumber.core.options.CucumberPropertiesParser.parseAll(CucumberPropertiesParser.java:167)
	at io.cucumber.core.options.CucumberPropertiesParser.parse(CucumberPropertiesParser.java:152)
	at io.cucumber.core.options.CucumberPropertiesParser.parse(CucumberPropertiesParser.java:81)
	at io.cucumber.core.options.CucumberPropertiesParser.parse(CucumberPropertiesParser.java:42)
	at io.cucumber.testng.TestNGCucumberRunner.&lt;init&gt;(TestNGCucumberRunner.java:97)
	at io.cucumber.testng.AbstractTestNGCucumberTests.setUpClass(AbstractTestNGCucumberTests.java:27)
	at java.base/jdk.internal.reflect.DirectMethodHandleAccessor.invoke(DirectMethodHandleAccessor.java:103)
	at java.base/java.lang.reflect.Method.invoke(Method.java:580)
	at org.testng.internal.invokers.MethodInvocationHelper.invokeMethod(MethodInvocationHelper.java:141)
	at org.testng.internal.invokers.MethodInvocationHelper.invokeMethodConsideringTimeout(MethodInvocationHelper.java:71)
	at org.testng.internal.invokers.ConfigInvoker.invokeConfigurationMethod(ConfigInvoker.java:400)
	at org.testng.internal.invokers.ConfigInvoker.invokeConfigurations(ConfigInvoker.java:333)
	at org.testng.internal.invokers.TestMethodWorker.invokeBeforeClassMethods(TestMethodWorker.java:188)
	at org.testng.internal.invokers.TestMethodWorker.run(TestMethodWorker.java:128)
	at java.base/java.util.ArrayList.forEach(ArrayList.java:1596)
	at org.testng.TestRunner.privateRun(TestRunner.java:741)
	at org.testng.TestRunner.run(TestRunner.java:616)
	at org.testng.SuiteRunner.runTest(SuiteRunner.java:421)
	at org.testng.SuiteRunner.runSequentially(SuiteRunner.java:413)
	at org.testng.SuiteRunner.privateRun(SuiteRunner.java:373)
	at org.testng.SuiteRunner.run(SuiteRunner.java:312)
	at org.testng.SuiteRunnerWorker.runSuite(SuiteRunnerWorker.java:52)
	at org.testng.SuiteRunnerWorker.run(SuiteRunnerWorker.java:95)
	at org.testng.TestNG.runSuitesSequentially(TestNG.java:1274)
	at org.testng.TestNG.runSuitesLocally(TestNG.java:1208)
	at org.testng.TestNG.runSuites(TestNG.java:1112)
	at org.testng.TestNG.run(TestNG.java:1079)
	at org.apache.maven.surefire.testng.TestNGExecutor.run(TestNGExecutor.java:155)
	at org.apache.maven.surefire.testng.TestNGDirectoryTestSuite.executeMulti(TestNGDirectoryTestSuite.java:169)
	at org.apache.maven.surefire.testng.TestNGDirectoryTestSuite.execute(TestNGDirectoryTestSuite.java:88)
	at org.apache.maven.surefire.testng.TestNGProvider.invoke(TestNGProvider.java:137)
	at org.apache.maven.surefire.booter.ForkedBooter.runSuitesInProcess(ForkedBooter.java:385)
	at org.apache.maven.surefire.booter.ForkedBooter.execute(ForkedBooter.java:162)
	at org.apache.maven.surefire.booter.ForkedBooter.run(ForkedBooter.java:507)
	at org.apache.maven.surefire.booter.ForkedBooter.main(ForkedBooter.java:495)
Caused by: io.cucumber.tagexpressions.TagExpressionException: Tag expression &quot;productPage -Dbrowser=Chrome&quot; could not be parsed because of syntax error: Expected operator.
	at io.cucumber.tagexpressions.TagExpressionParser.check(TagExpressionParser.java:127)
	at io.cucumber.tagexpressions.TagExpressionParser.parse(TagExpressionParser.java:76)
	at io.cucumber.tagexpressions.TagExpressionParser.parse(TagExpressionParser.java:29)
	at java.base/java.util.function.Function.lambda$andThen$1(Function.java:88)
	at io.cucumber.core.options.CucumberPropertiesParser.parseAll(CucumberPropertiesParser.java:164)
	... 34 more
</pre></div></td>
<td>0</td>
<td>cucmberOptions.TestNGTestRunner@74e52303</td></tr>
</table><p>
</body>
</html>